<?xml version="1.0" encoding="UTF-8"?>
<!-- Generated by org.testng.reporters.JUnitReportReporter -->
<testsuite hostname="DESKTOP-D57A3PS" failures="0" tests="1" name="Academy.E2Eproject1.AppTest" time="0.005" errors="0" timestamp="2 Oct 2021 15:48:32 GMT">
  <testcase classname="Academy.E2Eproject1.AppTest" name="shouldAnswerWithTrue" time="0.005"/>
</testsuite> <!-- Academy.E2Eproject1.AppTest -->
