<?xml version="1.0" encoding="UTF-8"?>
<!-- Generated by org.testng.reporters.JUnitReportReporter -->
<testsuite hostname="DESKTOP-D57A3PS" failures="0" tests="1" name="Academy.E2Eproject1.validateTitle" time="0.887" errors="0" timestamp="2 Oct 2021 16:16:14 GMT">
  <testcase classname="Academy.E2Eproject1.validateTitle" name="basePageNavigation" time="0.887"/>
</testsuite> <!-- Academy.E2Eproject1.validateTitle -->
